2024-01-25 14:49:08,058 INFO o.a.j.u.JMeterUtils: Setting Locale to en_EN
2024-01-25 14:49:08,068 INFO o.a.j.JMeter: Loading user properties from: /opt/homebrew/Cellar/jmeter/5.6.3/libexec/bin/user.properties
2024-01-25 14:49:08,068 INFO o.a.j.JMeter: Loading system properties from: /opt/homebrew/Cellar/jmeter/5.6.3/libexec/bin/system.properties
2024-01-25 14:49:08,071 INFO o.a.j.JMeter: Copyright (c) 1998-2024 The Apache Software Foundation
2024-01-25 14:49:08,071 INFO o.a.j.JMeter: Version 5.6.3
2024-01-25 14:49:08,071 INFO o.a.j.JMeter: java.version=21.0.1
2024-01-25 14:49:08,071 INFO o.a.j.JMeter: java.vm.name=OpenJDK 64-Bit Server VM
2024-01-25 14:49:08,071 INFO o.a.j.JMeter: os.name=Mac OS X
2024-01-25 14:49:08,071 INFO o.a.j.JMeter: os.arch=aarch64
2024-01-25 14:49:08,071 INFO o.a.j.JMeter: os.version=14.2.1
2024-01-25 14:49:08,071 INFO o.a.j.JMeter: file.encoding=UTF-8
2024-01-25 14:49:08,071 INFO o.a.j.JMeter: java.awt.headless=null
2024-01-25 14:49:08,071 INFO o.a.j.JMeter: Max memory     =1073741824
2024-01-25 14:49:08,071 INFO o.a.j.JMeter: Available Processors =14
2024-01-25 14:49:08,077 INFO o.a.j.JMeter: Default Locale=English (EN)
2024-01-25 14:49:08,077 INFO o.a.j.JMeter: JMeter  Locale=English (EN)
2024-01-25 14:49:08,077 INFO o.a.j.JMeter: JMeterHome=/opt/homebrew/Cellar/jmeter/5.6.3/libexec
2024-01-25 14:49:08,077 INFO o.a.j.JMeter: user.dir  =/Users/soranosuke/Documents/BCIT/CIT Sem 4/ACIT 3855 Service Based Architectures/Labs/Project/Storage
2024-01-25 14:49:08,077 INFO o.a.j.JMeter: PWD       =/Users/soranosuke/Documents/BCIT/CIT Sem 4/ACIT 3855 Service Based Architectures/Labs/Project/Storage
2024-01-25 14:49:08,078 INFO o.a.j.JMeter: IP: 127.0.0.1 Name: Soras-MacBook-Pro.local FullName: localhost
2024-01-25 14:49:08,084 INFO o.a.j.JMeter: Loaded icon properties from org/apache/jmeter/images/icon.properties
2024-01-25 14:49:08,289 INFO o.a.j.JMeterGuiLauncher: Setting LAF to: com.github.weisj.darklaf.DarkLaf:com.github.weisj.darklaf.theme.DarculaTheme
2024-01-25 14:49:08,897 INFO o.a.j.r.ClassFinder: Will scan jar /opt/homebrew/Cellar/jmeter/5.6.3/libexec/lib/ext/jmeter-plugins-manager-1.9.jar with filter ExtendsClassFilter [parents=[interface org.apache.jmeter.gui.action.Command], inner=false, contains=null, notContains=null]. Consider exposing JMeter plugins via META-INF/services, and add JMeter-Skip-Class-Scanning=true manifest attribute so JMeter can skip classfile scanning
2024-01-25 14:49:08,951 INFO o.a.j.r.ClassFinder: Will scan jar /opt/homebrew/Cellar/jmeter/5.6.3/libexec/lib/ext/jmeter-plugins-manager-1.9.jar with filter ExtendsClassFilter [parents=[interface org.apache.jmeter.gui.plugin.MenuCreator], inner=false, contains=null, notContains=null]. Consider exposing JMeter plugins via META-INF/services, and add JMeter-Skip-Class-Scanning=true manifest attribute so JMeter can skip classfile scanning
2024-01-25 14:49:09,006 INFO o.j.r.JARSourceHTTP: Requesting https://jmeter-plugins.org/repo/?installID=mac_os_x-c373f8a295f0ed7b443f07bf576615c2-gui
2024-01-25 14:49:11,159 INFO o.j.r.PluginManager: Plugins Status: [jpgc-plugins-manager=1.9, jmeter-core=5.6.3, jmeter-ftp=5.6.3, jmeter-http=5.6.3, jmeter-jdbc=5.6.3, jmeter-jms=5.6.3, jmeter-junit=5.6.3, jmeter-java=5.6.3, jmeter-ldap=5.6.3, jmeter-mail=5.6.3, jmeter-mongodb=5.6.3, jmeter-native=5.6.3, jmeter-tcp=5.6.3, jmeter-components=5.6.3]
2024-01-25 14:49:11,160 INFO o.j.r.PluginManagerMenuItem: Plugins Manager has upgrades: [jpgc-plugins-manager]
2024-01-25 14:51:19,211 INFO o.a.j.s.FileServer: Default base='/Users/soranosuke/Documents/BCIT/CIT Sem 4/ACIT 3855 Service Based Architectures/Labs/Project/Storage'
2024-01-25 14:51:19,212 INFO o.a.j.g.a.Load: Loading file: /Users/soranosuke/Documents/BCIT/CIT Sem 4/ACIT 3855 Service Based Architectures/Labs/Project/Test Plan Random.jmx
2024-01-25 14:51:19,212 INFO o.a.j.s.FileServer: Set new base='/Users/soranosuke/Documents/BCIT/CIT Sem 4/ACIT 3855 Service Based Architectures/Labs/Project'
2024-01-25 14:51:19,289 INFO o.a.j.s.SaveService: Testplan (JMX) version: 2.2. Testlog (JTL) version: 2.2
2024-01-25 14:51:19,292 INFO o.a.j.s.SaveService: Using SaveService properties version 5.0
2024-01-25 14:51:19,293 INFO o.a.j.s.SaveService: Using SaveService properties file encoding UTF-8
2024-01-25 14:51:19,294 INFO o.a.j.s.SaveService: Loading file: /Users/soranosuke/Documents/BCIT/CIT Sem 4/ACIT 3855 Service Based Architectures/Labs/Project/Test Plan Random.jmx
2024-01-25 14:51:19,329 INFO o.a.j.p.h.s.HTTPSamplerBase: Parser for text/html is org.apache.jmeter.protocol.http.parser.LagartoBasedHtmlParser
2024-01-25 14:51:19,329 INFO o.a.j.p.h.s.HTTPSamplerBase: Parser for application/xhtml+xml is org.apache.jmeter.protocol.http.parser.LagartoBasedHtmlParser
2024-01-25 14:51:19,329 INFO o.a.j.p.h.s.HTTPSamplerBase: Parser for application/xml is org.apache.jmeter.protocol.http.parser.LagartoBasedHtmlParser
2024-01-25 14:51:19,329 INFO o.a.j.p.h.s.HTTPSamplerBase: Parser for text/xml is org.apache.jmeter.protocol.http.parser.LagartoBasedHtmlParser
2024-01-25 14:51:19,329 INFO o.a.j.p.h.s.HTTPSamplerBase: Parser for text/vnd.wap.wml is org.apache.jmeter.protocol.http.parser.RegexpHTMLParser
2024-01-25 14:51:19,329 INFO o.a.j.p.h.s.HTTPSamplerBase: Parser for text/css is org.apache.jmeter.protocol.http.parser.CssParser
2024-01-25 14:51:19,445 INFO o.a.j.s.SampleResult: Note: Sample TimeStamps are START times
2024-01-25 14:51:19,445 INFO o.a.j.s.SampleResult: sampleresult.default.encoding is set to UTF-8
2024-01-25 14:51:19,445 INFO o.a.j.s.SampleResult: sampleresult.useNanoTime=true
2024-01-25 14:51:19,445 INFO o.a.j.s.SampleResult: sampleresult.nanoThreadSleep=5000
2024-01-25 14:51:19,488 INFO o.a.j.r.ClassFinder: Will scan jar /opt/homebrew/Cellar/jmeter/5.6.3/libexec/lib/ext/jmeter-plugins-manager-1.9.jar with filter ExtendsClassFilter [parents=[interface org.apache.jmeter.visualizers.ResultRenderer], inner=false, contains=null, notContains=null]. Consider exposing JMeter plugins via META-INF/services, and add JMeter-Skip-Class-Scanning=true manifest attribute so JMeter can skip classfile scanning
2024-01-25 14:51:19,496 INFO o.a.j.r.ClassFinder: Will scan jar /opt/homebrew/Cellar/jmeter/5.6.3/libexec/lib/ext/jmeter-plugins-manager-1.9.jar with filter ExtendsClassFilter [parents=[interface org.apache.jmeter.visualizers.RequestView], inner=false, contains=null, notContains=null]. Consider exposing JMeter plugins via META-INF/services, and add JMeter-Skip-Class-Scanning=true manifest attribute so JMeter can skip classfile scanning
2024-01-25 14:51:19,518 INFO o.a.j.s.FileServer: Set new base='/Users/soranosuke/Documents/BCIT/CIT Sem 4/ACIT 3855 Service Based Architectures/Labs/Project'
2024-01-25 14:53:32,675 INFO o.a.j.e.StandardJMeterEngine: Running the test!
2024-01-25 14:53:32,675 INFO o.a.j.s.SampleEvent: List of sample_variables: []
2024-01-25 14:53:32,676 INFO o.a.j.s.SampleEvent: List of sample_variables: []
2024-01-25 14:53:32,676 INFO o.a.j.e.u.CompoundVariable: Note: Function class names must contain the string: '.functions.'
2024-01-25 14:53:32,676 INFO o.a.j.e.u.CompoundVariable: Note: Function class names must not contain the string: '.gui.'
2024-01-25 14:53:32,693 INFO o.a.j.r.ClassFinder: Will scan jar /opt/homebrew/Cellar/jmeter/5.6.3/libexec/lib/ext/jmeter-plugins-manager-1.9.jar with filter ExtendsClassFilter [parents=[interface org.apache.jmeter.functions.Function], inner=false, contains=null, notContains=null]. Consider exposing JMeter plugins via META-INF/services, and add JMeter-Skip-Class-Scanning=true manifest attribute so JMeter can skip classfile scanning
2024-01-25 14:53:32,696 INFO o.a.j.g.u.JMeterMenuBar: setRunning(true, *local*)
2024-01-25 14:53:32,720 INFO o.a.j.e.StandardJMeterEngine: Starting ThreadGroup: 1 : Thread Group
2024-01-25 14:53:32,720 INFO o.a.j.e.StandardJMeterEngine: Starting 200 threads for group Thread Group.
2024-01-25 14:53:32,720 INFO o.a.j.e.StandardJMeterEngine: Thread will continue on error
2024-01-25 14:53:32,720 INFO o.a.j.t.ThreadGroup: Starting thread group... number=1 threads=200 ramp-up=1 delayedStart=false
2024-01-25 14:53:32,724 INFO o.a.j.t.JMeterThread: Thread started: Thread Group 1-1
2024-01-25 14:53:32,725 INFO o.a.j.s.FileServer: Stored: /Users/soranosuke/Documents/BCIT/CIT Sem 4/ACIT 3855 Service Based Architectures/Labs/Project/Receiver/users.csv
2024-01-25 14:53:32,729 INFO o.a.j.t.JMeterThread: Thread started: Thread Group 1-2
2024-01-25 14:53:32,729 INFO o.a.j.s.FileServer: Stored: /Users/soranosuke/Documents/BCIT/CIT Sem 4/ACIT 3855 Service Based Architectures/Labs/Project/Receiver/dates.csv
2024-01-25 14:53:32,730 INFO o.a.j.s.FileServer: Stored: /Users/soranosuke/Documents/BCIT/CIT Sem 4/ACIT 3855 Service Based Architectures/Labs/Project/Receiver/transactions.csv
2024-01-25 14:53:32,732 INFO o.a.j.p.h.s.HTTPHCAbstractImpl: Local host = Soras-MacBook-Pro.local
2024-01-25 14:53:32,735 INFO o.a.j.p.h.s.HTTPHC4Impl: HTTP request retry count = 0
2024-01-25 14:53:32,735 INFO o.a.j.t.JMeterThread: Thread started: Thread Group 1-3
2024-01-25 14:53:32,741 INFO o.a.j.t.JMeterThread: Thread started: Thread Group 1-4
2024-01-25 14:53:32,747 INFO o.a.j.t.ThreadGroup: Started thread group number 1
2024-01-25 14:53:32,747 INFO o.a.j.e.StandardJMeterEngine: All thread groups have been started
2024-01-25 14:53:32,748 INFO o.a.j.t.JMeterThread: Thread started: Thread Group 1-5
2024-01-25 14:53:32,753 INFO o.a.j.t.JMeterThread: Thread started: Thread Group 1-6
2024-01-25 14:53:32,753 INFO o.a.j.t.JMeterThread: Thread started: Thread Group 1-7
2024-01-25 14:53:32,762 INFO o.a.j.t.JMeterThread: Thread started: Thread Group 1-8
2024-01-25 14:53:32,767 INFO o.a.j.t.JMeterThread: Thread started: Thread Group 1-9
2024-01-25 14:53:32,769 INFO o.a.j.t.JMeterThread: Thread started: Thread Group 1-10
2024-01-25 14:53:32,777 INFO o.a.j.t.JMeterThread: Thread started: Thread Group 1-11
2024-01-25 14:53:32,778 INFO o.a.j.t.JMeterThread: Thread started: Thread Group 1-12
2024-01-25 14:53:32,785 INFO o.a.j.t.JMeterThread: Thread started: Thread Group 1-13
2024-01-25 14:53:32,787 INFO o.a.j.t.JMeterThread: Thread started: Thread Group 1-14
2024-01-25 14:53:32,795 INFO o.a.j.t.JMeterThread: Thread started: Thread Group 1-15
2024-01-25 14:53:32,797 INFO o.a.j.t.JMeterThread: Thread started: Thread Group 1-16
2024-01-25 14:53:32,805 INFO o.a.j.t.JMeterThread: Thread started: Thread Group 1-17
2024-01-25 14:53:32,807 INFO o.a.j.t.JMeterThread: Thread started: Thread Group 1-18
2024-01-25 14:53:32,814 INFO o.a.j.t.JMeterThread: Thread started: Thread Group 1-19
2024-01-25 14:53:32,819 INFO o.a.j.t.JMeterThread: Thread started: Thread Group 1-20
2024-01-25 14:53:32,827 INFO o.a.j.t.JMeterThread: Thread started: Thread Group 1-21
2024-01-25 14:53:32,832 INFO o.a.j.t.JMeterThread: Thread started: Thread Group 1-22
2024-01-25 14:53:32,834 INFO o.a.j.t.JMeterThread: Thread started: Thread Group 1-23
2024-01-25 14:53:32,841 INFO o.a.j.t.JMeterThread: Thread started: Thread Group 1-24
2024-01-25 14:53:32,845 INFO o.a.j.t.JMeterThread: Thread started: Thread Group 1-25
2024-01-25 14:53:32,851 INFO o.a.j.t.JMeterThread: Thread started: Thread Group 1-26
2024-01-25 14:53:32,857 INFO o.a.j.t.JMeterThread: Thread started: Thread Group 1-27
2024-01-25 14:53:32,858 INFO o.a.j.t.JMeterThread: Thread started: Thread Group 1-28
2024-01-25 14:53:32,865 INFO o.a.j.t.JMeterThread: Thread started: Thread Group 1-29
2024-01-25 14:53:32,869 INFO o.a.j.t.JMeterThread: Thread started: Thread Group 1-30
2024-01-25 14:53:32,872 INFO o.a.j.t.JMeterThread: Thread started: Thread Group 1-31
2024-01-25 14:53:32,881 INFO o.a.j.t.JMeterThread: Thread started: Thread Group 1-32
2024-01-25 14:53:32,884 INFO o.a.j.t.JMeterThread: Thread started: Thread Group 1-33
2024-01-25 14:53:32,888 INFO o.a.j.t.JMeterThread: Thread started: Thread Group 1-34
2024-01-25 14:53:32,894 INFO o.a.j.t.JMeterThread: Thread started: Thread Group 1-35
2024-01-25 14:53:32,897 INFO o.a.j.t.JMeterThread: Thread started: Thread Group 1-36
2024-01-25 14:53:32,904 INFO o.a.j.t.JMeterThread: Thread started: Thread Group 1-37
2024-01-25 14:53:32,908 INFO o.a.j.t.JMeterThread: Thread started: Thread Group 1-38
2024-01-25 14:53:32,916 INFO o.a.j.t.JMeterThread: Thread started: Thread Group 1-39
2024-01-25 14:53:32,922 INFO o.a.j.t.JMeterThread: Thread started: Thread Group 1-40
2024-01-25 14:53:32,922 INFO o.a.j.t.JMeterThread: Thread started: Thread Group 1-41
2024-01-25 14:53:32,928 INFO o.a.j.t.JMeterThread: Thread started: Thread Group 1-42
2024-01-25 14:53:32,933 INFO o.a.j.t.JMeterThread: Thread started: Thread Group 1-43
2024-01-25 14:53:32,940 INFO o.a.j.t.JMeterThread: Thread started: Thread Group 1-44
2024-01-25 14:53:32,946 INFO o.a.j.t.JMeterThread: Thread started: Thread Group 1-45
2024-01-25 14:53:32,952 INFO o.a.j.t.JMeterThread: Thread started: Thread Group 1-46
2024-01-25 14:53:32,954 INFO o.a.j.t.JMeterThread: Thread started: Thread Group 1-47
2024-01-25 14:53:32,961 INFO o.a.j.t.JMeterThread: Thread started: Thread Group 1-48
2024-01-25 14:53:32,965 INFO o.a.j.t.JMeterThread: Thread started: Thread Group 1-49
2024-01-25 14:53:32,968 INFO o.a.j.t.JMeterThread: Thread started: Thread Group 1-50
2024-01-25 14:53:32,976 INFO o.a.j.t.JMeterThread: Thread started: Thread Group 1-51
2024-01-25 14:53:32,981 INFO o.a.j.t.JMeterThread: Thread started: Thread Group 1-52
2024-01-25 14:53:32,982 INFO o.a.j.t.JMeterThread: Thread started: Thread Group 1-53
2024-01-25 14:53:32,987 INFO o.a.j.t.JMeterThread: Thread started: Thread Group 1-54
2024-01-25 14:53:32,992 INFO o.a.j.t.JMeterThread: Thread started: Thread Group 1-55
2024-01-25 14:53:32,998 INFO o.a.j.t.JMeterThread: Thread started: Thread Group 1-56
2024-01-25 14:53:33,006 INFO o.a.j.t.JMeterThread: Thread started: Thread Group 1-57
2024-01-25 14:53:33,007 INFO o.a.j.t.JMeterThread: Thread started: Thread Group 1-58
2024-01-25 14:53:33,016 INFO o.a.j.t.JMeterThread: Thread started: Thread Group 1-59
2024-01-25 14:53:33,021 INFO o.a.j.t.JMeterThread: Thread started: Thread Group 1-60
2024-01-25 14:53:33,026 INFO o.a.j.t.JMeterThread: Thread started: Thread Group 1-61
2024-01-25 14:53:33,031 INFO o.a.j.t.JMeterThread: Thread started: Thread Group 1-62
2024-01-25 14:53:33,036 INFO o.a.j.t.JMeterThread: Thread started: Thread Group 1-63
2024-01-25 14:53:33,039 INFO o.a.j.t.JMeterThread: Thread started: Thread Group 1-64
2024-01-25 14:53:33,043 INFO o.a.j.t.JMeterThread: Thread started: Thread Group 1-65
2024-01-25 14:53:33,050 INFO o.a.j.t.JMeterThread: Thread started: Thread Group 1-66
2024-01-25 14:53:33,053 INFO o.a.j.t.JMeterThread: Thread started: Thread Group 1-67
2024-01-25 14:53:33,061 INFO o.a.j.t.JMeterThread: Thread started: Thread Group 1-68
2024-01-25 14:53:33,065 INFO o.a.j.t.JMeterThread: Thread started: Thread Group 1-69
2024-01-25 14:53:33,069 INFO o.a.j.t.JMeterThread: Thread started: Thread Group 1-70
2024-01-25 14:53:33,075 INFO o.a.j.t.JMeterThread: Thread started: Thread Group 1-71
2024-01-25 14:53:33,082 INFO o.a.j.t.JMeterThread: Thread started: Thread Group 1-72
2024-01-25 14:53:33,082 INFO o.a.j.t.JMeterThread: Thread started: Thread Group 1-73
2024-01-25 14:53:33,089 INFO o.a.j.t.JMeterThread: Thread started: Thread Group 1-74
2024-01-25 14:53:33,091 INFO o.a.j.t.JMeterThread: Thread started: Thread Group 1-75
2024-01-25 14:53:33,101 INFO o.a.j.t.JMeterThread: Thread started: Thread Group 1-76
2024-01-25 14:53:33,102 INFO o.a.j.t.JMeterThread: Thread started: Thread Group 1-77
2024-01-25 14:53:33,111 INFO o.a.j.t.JMeterThread: Thread started: Thread Group 1-78
2024-01-25 14:53:33,117 INFO o.a.j.t.JMeterThread: Thread started: Thread Group 1-79
2024-01-25 14:53:33,122 INFO o.a.j.t.JMeterThread: Thread started: Thread Group 1-80
2024-01-25 14:53:33,123 INFO o.a.j.t.JMeterThread: Thread started: Thread Group 1-81
2024-01-25 14:53:33,131 INFO o.a.j.t.JMeterThread: Thread started: Thread Group 1-82
2024-01-25 14:53:33,136 INFO o.a.j.t.JMeterThread: Thread started: Thread Group 1-83
2024-01-25 14:53:33,141 INFO o.a.j.t.JMeterThread: Thread started: Thread Group 1-84
2024-01-25 14:53:33,145 INFO o.a.j.t.JMeterThread: Thread started: Thread Group 1-85
2024-01-25 14:53:33,148 INFO o.a.j.t.JMeterThread: Thread started: Thread Group 1-86
2024-01-25 14:53:33,156 INFO o.a.j.t.JMeterThread: Thread started: Thread Group 1-87
2024-01-25 14:53:33,159 INFO o.a.j.t.JMeterThread: Thread started: Thread Group 1-88
2024-01-25 14:53:33,167 INFO o.a.j.t.JMeterThread: Thread started: Thread Group 1-89
2024-01-25 14:53:33,168 INFO o.a.j.t.JMeterThread: Thread started: Thread Group 1-90
2024-01-25 14:53:33,176 INFO o.a.j.t.JMeterThread: Thread started: Thread Group 1-91
2024-01-25 14:53:33,177 INFO o.a.j.t.JMeterThread: Thread started: Thread Group 1-92
2024-01-25 14:53:33,182 INFO o.a.j.t.JMeterThread: Thread started: Thread Group 1-93
2024-01-25 14:53:33,189 INFO o.a.j.t.JMeterThread: Thread started: Thread Group 1-94
2024-01-25 14:53:33,196 INFO o.a.j.t.JMeterThread: Thread started: Thread Group 1-95
2024-01-25 14:53:33,199 INFO o.a.j.t.JMeterThread: Thread started: Thread Group 1-96
2024-01-25 14:53:33,202 INFO o.a.j.t.JMeterThread: Thread started: Thread Group 1-97
2024-01-25 14:53:33,206 INFO o.a.j.t.JMeterThread: Thread started: Thread Group 1-98
2024-01-25 14:53:33,212 INFO o.a.j.t.JMeterThread: Thread started: Thread Group 1-99
2024-01-25 14:53:33,217 INFO o.a.j.t.JMeterThread: Thread started: Thread Group 1-100
2024-01-25 14:53:33,226 INFO o.a.j.t.JMeterThread: Thread started: Thread Group 1-101
2024-01-25 14:53:33,227 INFO o.a.j.t.JMeterThread: Thread started: Thread Group 1-102
2024-01-25 14:53:33,235 INFO o.a.j.t.JMeterThread: Thread started: Thread Group 1-103
2024-01-25 14:53:33,241 INFO o.a.j.t.JMeterThread: Thread started: Thread Group 1-105
2024-01-25 14:53:33,241 INFO o.a.j.t.JMeterThread: Thread started: Thread Group 1-104
2024-01-25 14:53:33,248 INFO o.a.j.t.JMeterThread: Thread started: Thread Group 1-106
2024-01-25 14:53:33,255 INFO o.a.j.t.JMeterThread: Thread started: Thread Group 1-107
2024-01-25 14:53:33,261 INFO o.a.j.t.JMeterThread: Thread started: Thread Group 1-108
2024-01-25 14:53:33,262 INFO o.a.j.t.JMeterThread: Thread started: Thread Group 1-109
2024-01-25 14:53:33,267 INFO o.a.j.t.JMeterThread: Thread started: Thread Group 1-110
2024-01-25 14:53:33,276 INFO o.a.j.t.JMeterThread: Thread started: Thread Group 1-111
2024-01-25 14:53:33,277 INFO o.a.j.t.JMeterThread: Thread started: Thread Group 1-112
2024-01-25 14:53:33,283 INFO o.a.j.t.JMeterThread: Thread started: Thread Group 1-113
2024-01-25 14:53:33,292 INFO o.a.j.t.JMeterThread: Thread started: Thread Group 1-114
2024-01-25 14:53:33,293 INFO o.a.j.t.JMeterThread: Thread started: Thread Group 1-115
2024-01-25 14:53:33,299 INFO o.a.j.t.JMeterThread: Thread started: Thread Group 1-116
2024-01-25 14:53:33,303 INFO o.a.j.t.JMeterThread: Thread started: Thread Group 1-117
2024-01-25 14:53:33,311 INFO o.a.j.t.JMeterThread: Thread started: Thread Group 1-118
2024-01-25 14:53:33,312 INFO o.a.j.t.JMeterThread: Thread started: Thread Group 1-119
2024-01-25 14:53:33,317 INFO o.a.j.t.JMeterThread: Thread started: Thread Group 1-120
2024-01-25 14:53:33,326 INFO o.a.j.t.JMeterThread: Thread started: Thread Group 1-121
2024-01-25 14:53:33,331 INFO o.a.j.t.JMeterThread: Thread started: Thread Group 1-122
2024-01-25 14:53:33,332 INFO o.a.j.t.JMeterThread: Thread started: Thread Group 1-123
2024-01-25 14:53:33,339 INFO o.a.j.t.JMeterThread: Thread started: Thread Group 1-124
2024-01-25 14:53:33,347 INFO o.a.j.t.JMeterThread: Thread started: Thread Group 1-125
2024-01-25 14:53:33,347 INFO o.a.j.t.JMeterThread: Thread started: Thread Group 1-126
2024-01-25 14:53:33,354 INFO o.a.j.t.JMeterThread: Thread started: Thread Group 1-127
2024-01-25 14:53:33,361 INFO o.a.j.t.JMeterThread: Thread started: Thread Group 1-128
2024-01-25 14:53:33,366 INFO o.a.j.t.JMeterThread: Thread started: Thread Group 1-129
2024-01-25 14:53:33,368 INFO o.a.j.t.JMeterThread: Thread started: Thread Group 1-130
2024-01-25 14:53:33,376 INFO o.a.j.t.JMeterThread: Thread started: Thread Group 1-131
2024-01-25 14:53:33,382 INFO o.a.j.t.JMeterThread: Thread started: Thread Group 1-132
2024-01-25 14:53:33,382 INFO o.a.j.t.JMeterThread: Thread started: Thread Group 1-133
2024-01-25 14:53:33,388 INFO o.a.j.t.JMeterThread: Thread started: Thread Group 1-134
2024-01-25 14:53:33,394 INFO o.a.j.t.JMeterThread: Thread started: Thread Group 1-135
2024-01-25 14:53:33,401 INFO o.a.j.t.JMeterThread: Thread started: Thread Group 1-136
2024-01-25 14:53:33,404 INFO o.a.j.t.JMeterThread: Thread started: Thread Group 1-137
2024-01-25 14:53:33,411 INFO o.a.j.t.JMeterThread: Thread started: Thread Group 1-138
2024-01-25 14:53:33,414 INFO o.a.j.t.JMeterThread: Thread started: Thread Group 1-139
2024-01-25 14:53:33,421 INFO o.a.j.t.JMeterThread: Thread started: Thread Group 1-140
2024-01-25 14:53:33,427 INFO o.a.j.t.JMeterThread: Thread started: Thread Group 1-141
2024-01-25 14:53:33,428 INFO o.a.j.t.JMeterThread: Thread started: Thread Group 1-142
2024-01-25 14:53:33,436 INFO o.a.j.t.JMeterThread: Thread started: Thread Group 1-143
2024-01-25 14:53:33,441 INFO o.a.j.t.JMeterThread: Thread started: Thread Group 1-144
2024-01-25 14:53:33,442 INFO o.a.j.t.JMeterThread: Thread started: Thread Group 1-145
2024-01-25 14:53:33,448 INFO o.a.j.t.JMeterThread: Thread started: Thread Group 1-146
2024-01-25 14:53:33,456 INFO o.a.j.t.JMeterThread: Thread started: Thread Group 1-147
2024-01-25 14:53:33,461 INFO o.a.j.t.JMeterThread: Thread started: Thread Group 1-148
2024-01-25 14:53:33,466 INFO o.a.j.t.JMeterThread: Thread started: Thread Group 1-149
2024-01-25 14:53:33,471 INFO o.a.j.t.JMeterThread: Thread started: Thread Group 1-150
2024-01-25 14:53:33,474 INFO o.a.j.t.JMeterThread: Thread started: Thread Group 1-151
2024-01-25 14:53:33,477 INFO o.a.j.t.JMeterThread: Thread started: Thread Group 1-152
2024-01-25 14:53:33,481 INFO o.a.j.t.JMeterThread: Thread started: Thread Group 1-153
2024-01-25 14:53:33,487 INFO o.a.j.t.JMeterThread: Thread started: Thread Group 1-154
2024-01-25 14:53:33,492 INFO o.a.j.t.JMeterThread: Thread started: Thread Group 1-155
2024-01-25 14:53:33,500 INFO o.a.j.t.JMeterThread: Thread started: Thread Group 1-156
2024-01-25 14:53:33,501 INFO o.a.j.t.JMeterThread: Thread started: Thread Group 1-157
2024-01-25 14:53:33,507 INFO o.a.j.t.JMeterThread: Thread started: Thread Group 1-158
2024-01-25 14:53:33,516 INFO o.a.j.t.JMeterThread: Thread started: Thread Group 1-159
2024-01-25 14:53:33,517 INFO o.a.j.t.JMeterThread: Thread started: Thread Group 1-160
2024-01-25 14:53:33,524 INFO o.a.j.t.JMeterThread: Thread started: Thread Group 1-161
2024-01-25 14:53:33,528 INFO o.a.j.t.JMeterThread: Thread started: Thread Group 1-162
2024-01-25 14:53:33,536 INFO o.a.j.t.JMeterThread: Thread started: Thread Group 1-163
2024-01-25 14:53:33,541 INFO o.a.j.t.JMeterThread: Thread started: Thread Group 1-164
2024-01-25 14:53:33,546 INFO o.a.j.t.JMeterThread: Thread started: Thread Group 1-165
2024-01-25 14:53:33,551 INFO o.a.j.t.JMeterThread: Thread started: Thread Group 1-166
2024-01-25 14:53:33,556 INFO o.a.j.t.JMeterThread: Thread started: Thread Group 1-167
2024-01-25 14:53:33,557 INFO o.a.j.t.JMeterThread: Thread started: Thread Group 1-168
2024-01-25 14:53:33,564 INFO o.a.j.t.JMeterThread: Thread started: Thread Group 1-169
2024-01-25 14:53:33,571 INFO o.a.j.t.JMeterThread: Thread started: Thread Group 1-170
2024-01-25 14:53:33,574 INFO o.a.j.t.JMeterThread: Thread started: Thread Group 1-171
2024-01-25 14:53:33,581 INFO o.a.j.t.JMeterThread: Thread started: Thread Group 1-172
2024-01-25 14:53:33,582 INFO o.a.j.t.JMeterThread: Thread started: Thread Group 1-173
2024-01-25 14:53:33,592 INFO o.a.j.t.JMeterThread: Thread started: Thread Group 1-174
2024-01-25 14:53:33,595 INFO o.a.j.t.JMeterThread: Thread started: Thread Group 1-175
2024-01-25 14:53:33,598 INFO o.a.j.t.JMeterThread: Thread started: Thread Group 1-176
2024-01-25 14:53:33,601 INFO o.a.j.t.JMeterThread: Thread started: Thread Group 1-177
2024-01-25 14:53:33,609 INFO o.a.j.t.JMeterThread: Thread started: Thread Group 1-178
2024-01-25 14:53:33,615 INFO o.a.j.t.JMeterThread: Thread started: Thread Group 1-179
2024-01-25 14:53:33,618 INFO o.a.j.t.JMeterThread: Thread started: Thread Group 1-180
2024-01-25 14:53:33,624 INFO o.a.j.t.JMeterThread: Thread started: Thread Group 1-181
2024-01-25 14:53:33,631 INFO o.a.j.t.JMeterThread: Thread started: Thread Group 1-182
2024-01-25 14:53:33,633 INFO o.a.j.t.JMeterThread: Thread started: Thread Group 1-183
2024-01-25 14:53:33,640 INFO o.a.j.t.JMeterThread: Thread started: Thread Group 1-184
2024-01-25 14:53:33,643 INFO o.a.j.t.JMeterThread: Thread started: Thread Group 1-185
2024-01-25 14:53:33,651 INFO o.a.j.t.JMeterThread: Thread started: Thread Group 1-186
2024-01-25 14:53:33,654 INFO o.a.j.t.JMeterThread: Thread started: Thread Group 1-187
2024-01-25 14:53:33,661 INFO o.a.j.t.JMeterThread: Thread started: Thread Group 1-188
2024-01-25 14:53:33,662 INFO o.a.j.t.JMeterThread: Thread started: Thread Group 1-189
2024-01-25 14:53:33,670 INFO o.a.j.t.JMeterThread: Thread started: Thread Group 1-190
2024-01-25 14:53:33,676 INFO o.a.j.t.JMeterThread: Thread started: Thread Group 1-191
2024-01-25 14:53:33,681 INFO o.a.j.t.JMeterThread: Thread started: Thread Group 1-192
2024-01-25 14:53:33,686 INFO o.a.j.t.JMeterThread: Thread started: Thread Group 1-193
2024-01-25 14:53:33,689 INFO o.a.j.t.JMeterThread: Thread started: Thread Group 1-194
2024-01-25 14:53:33,697 INFO o.a.j.t.JMeterThread: Thread started: Thread Group 1-195
2024-01-25 14:53:33,699 INFO o.a.j.t.JMeterThread: Thread started: Thread Group 1-196
2024-01-25 14:53:33,706 INFO o.a.j.t.JMeterThread: Thread started: Thread Group 1-197
2024-01-25 14:53:33,711 INFO o.a.j.t.JMeterThread: Thread started: Thread Group 1-198
2024-01-25 14:53:33,716 INFO o.a.j.t.JMeterThread: Thread started: Thread Group 1-199
2024-01-25 14:53:33,720 INFO o.a.j.t.JMeterThread: Thread started: Thread Group 1-200
2024-01-25 14:53:34,449 INFO o.a.j.t.JMeterThread: Thread is done: Thread Group 1-1
2024-01-25 14:53:34,449 INFO o.a.j.t.JMeterThread: Thread finished: Thread Group 1-1
2024-01-25 14:53:34,479 INFO o.a.j.t.JMeterThread: Thread is done: Thread Group 1-3
2024-01-25 14:53:34,479 INFO o.a.j.t.JMeterThread: Thread finished: Thread Group 1-3
2024-01-25 14:53:34,530 INFO o.a.j.t.JMeterThread: Thread is done: Thread Group 1-7
2024-01-25 14:53:34,530 INFO o.a.j.t.JMeterThread: Thread finished: Thread Group 1-7
2024-01-25 14:53:34,557 INFO o.a.j.t.JMeterThread: Thread is done: Thread Group 1-10
2024-01-25 14:53:34,557 INFO o.a.j.t.JMeterThread: Thread finished: Thread Group 1-10
2024-01-25 14:53:34,581 INFO o.a.j.t.JMeterThread: Thread is done: Thread Group 1-9
2024-01-25 14:53:34,581 INFO o.a.j.t.JMeterThread: Thread finished: Thread Group 1-9
2024-01-25 14:53:34,602 INFO o.a.j.t.JMeterThread: Thread is done: Thread Group 1-6
2024-01-25 14:53:34,602 INFO o.a.j.t.JMeterThread: Thread finished: Thread Group 1-6
2024-01-25 14:53:34,615 INFO o.a.j.t.JMeterThread: Thread is done: Thread Group 1-4
2024-01-25 14:53:34,615 INFO o.a.j.t.JMeterThread: Thread finished: Thread Group 1-4
2024-01-25 14:53:34,848 INFO o.a.j.t.JMeterThread: Thread is done: Thread Group 1-2
2024-01-25 14:53:34,848 INFO o.a.j.t.JMeterThread: Thread finished: Thread Group 1-2
2024-01-25 14:53:34,857 INFO o.a.j.t.JMeterThread: Thread is done: Thread Group 1-11
2024-01-25 14:53:34,857 INFO o.a.j.t.JMeterThread: Thread finished: Thread Group 1-11
2024-01-25 14:53:34,946 INFO o.a.j.t.JMeterThread: Thread is done: Thread Group 1-8
2024-01-25 14:53:34,946 INFO o.a.j.t.JMeterThread: Thread finished: Thread Group 1-8
2024-01-25 14:53:34,988 INFO o.a.j.t.JMeterThread: Thread is done: Thread Group 1-12
2024-01-25 14:53:34,988 INFO o.a.j.t.JMeterThread: Thread finished: Thread Group 1-12
2024-01-25 14:53:34,992 INFO o.a.j.t.JMeterThread: Thread is done: Thread Group 1-13
2024-01-25 14:53:34,992 INFO o.a.j.t.JMeterThread: Thread finished: Thread Group 1-13
2024-01-25 14:53:35,031 INFO o.a.j.t.JMeterThread: Thread is done: Thread Group 1-15
2024-01-25 14:53:35,031 INFO o.a.j.t.JMeterThread: Thread finished: Thread Group 1-15
2024-01-25 14:53:35,102 INFO o.a.j.t.JMeterThread: Thread is done: Thread Group 1-16
2024-01-25 14:53:35,102 INFO o.a.j.t.JMeterThread: Thread finished: Thread Group 1-16
2024-01-25 14:53:35,184 INFO o.a.j.t.JMeterThread: Thread is done: Thread Group 1-5
2024-01-25 14:53:35,184 INFO o.a.j.t.JMeterThread: Thread finished: Thread Group 1-5
2024-01-25 14:53:35,237 INFO o.a.j.t.JMeterThread: Thread is done: Thread Group 1-18
2024-01-25 14:53:35,237 INFO o.a.j.t.JMeterThread: Thread finished: Thread Group 1-18
2024-01-25 14:53:35,295 INFO o.a.j.t.JMeterThread: Thread is done: Thread Group 1-17
2024-01-25 14:53:35,295 INFO o.a.j.t.JMeterThread: Thread finished: Thread Group 1-17
2024-01-25 14:53:35,319 INFO o.a.j.t.JMeterThread: Thread is done: Thread Group 1-19
2024-01-25 14:53:35,319 INFO o.a.j.t.JMeterThread: Thread finished: Thread Group 1-19
2024-01-25 14:53:35,408 INFO o.a.j.t.JMeterThread: Thread is done: Thread Group 1-21
2024-01-25 14:53:35,408 INFO o.a.j.t.JMeterThread: Thread finished: Thread Group 1-21
2024-01-25 14:53:35,481 INFO o.a.j.t.JMeterThread: Thread is done: Thread Group 1-22
2024-01-25 14:53:35,481 INFO o.a.j.t.JMeterThread: Thread finished: Thread Group 1-22
2024-01-25 14:53:35,486 INFO o.a.j.t.JMeterThread: Thread is done: Thread Group 1-23
2024-01-25 14:53:35,486 INFO o.a.j.t.JMeterThread: Thread finished: Thread Group 1-23
2024-01-25 14:53:35,564 INFO o.a.j.t.JMeterThread: Thread is done: Thread Group 1-20
2024-01-25 14:53:35,564 INFO o.a.j.t.JMeterThread: Thread finished: Thread Group 1-20
2024-01-25 14:53:35,641 INFO o.a.j.t.JMeterThread: Thread is done: Thread Group 1-24
2024-01-25 14:53:35,641 INFO o.a.j.t.JMeterThread: Thread finished: Thread Group 1-24
2024-01-25 14:53:35,687 INFO o.a.j.t.JMeterThread: Thread is done: Thread Group 1-26
2024-01-25 14:53:35,687 INFO o.a.j.t.JMeterThread: Thread finished: Thread Group 1-26
2024-01-25 14:53:35,717 INFO o.a.j.t.JMeterThread: Thread is done: Thread Group 1-27
2024-01-25 14:53:35,717 INFO o.a.j.t.JMeterThread: Thread finished: Thread Group 1-27
2024-01-25 14:53:35,743 INFO o.a.j.t.JMeterThread: Thread is done: Thread Group 1-28
2024-01-25 14:53:35,743 INFO o.a.j.t.JMeterThread: Thread finished: Thread Group 1-28
2024-01-25 14:53:35,749 INFO o.a.j.t.JMeterThread: Thread is done: Thread Group 1-25
2024-01-25 14:53:35,749 INFO o.a.j.t.JMeterThread: Thread finished: Thread Group 1-25
2024-01-25 14:53:35,873 INFO o.a.j.t.JMeterThread: Thread is done: Thread Group 1-31
2024-01-25 14:53:35,873 INFO o.a.j.t.JMeterThread: Thread finished: Thread Group 1-31
2024-01-25 14:53:35,906 INFO o.a.j.t.JMeterThread: Thread is done: Thread Group 1-32
2024-01-25 14:53:35,906 INFO o.a.j.t.JMeterThread: Thread finished: Thread Group 1-32
2024-01-25 14:53:36,012 INFO o.a.j.t.JMeterThread: Thread is done: Thread Group 1-33
2024-01-25 14:53:36,012 INFO o.a.j.t.JMeterThread: Thread finished: Thread Group 1-33
2024-01-25 14:53:36,033 INFO o.a.j.t.JMeterThread: Thread is done: Thread Group 1-35
2024-01-25 14:53:36,033 INFO o.a.j.t.JMeterThread: Thread finished: Thread Group 1-35
2024-01-25 14:53:36,040 INFO o.a.j.t.JMeterThread: Thread is done: Thread Group 1-34
2024-01-25 14:53:36,040 INFO o.a.j.t.JMeterThread: Thread finished: Thread Group 1-34
2024-01-25 14:53:36,054 INFO o.a.j.t.JMeterThread: Thread is done: Thread Group 1-36
2024-01-25 14:53:36,054 INFO o.a.j.t.JMeterThread: Thread finished: Thread Group 1-36
2024-01-25 14:53:36,064 INFO o.a.j.t.JMeterThread: Thread is done: Thread Group 1-29
2024-01-25 14:53:36,064 INFO o.a.j.t.JMeterThread: Thread finished: Thread Group 1-29
2024-01-25 14:53:36,089 INFO o.a.j.t.JMeterThread: Thread is done: Thread Group 1-37
2024-01-25 14:53:36,089 INFO o.a.j.t.JMeterThread: Thread finished: Thread Group 1-37
2024-01-25 14:53:36,124 INFO o.a.j.t.JMeterThread: Thread is done: Thread Group 1-40
2024-01-25 14:53:36,124 INFO o.a.j.t.JMeterThread: Thread finished: Thread Group 1-40
2024-01-25 14:53:36,151 INFO o.a.j.t.JMeterThread: Thread is done: Thread Group 1-39
2024-01-25 14:53:36,151 INFO o.a.j.t.JMeterThread: Thread finished: Thread Group 1-39
2024-01-25 14:53:36,153 INFO o.a.j.t.JMeterThread: Thread is done: Thread Group 1-42
2024-01-25 14:53:36,153 INFO o.a.j.t.JMeterThread: Thread finished: Thread Group 1-42
2024-01-25 14:53:36,164 INFO o.a.j.t.JMeterThread: Thread is done: Thread Group 1-38
2024-01-25 14:53:36,164 INFO o.a.j.t.JMeterThread: Thread finished: Thread Group 1-38
2024-01-25 14:53:36,183 INFO o.a.j.t.JMeterThread: Thread is done: Thread Group 1-41
2024-01-25 14:53:36,183 INFO o.a.j.t.JMeterThread: Thread finished: Thread Group 1-41
2024-01-25 14:53:36,185 INFO o.a.j.t.JMeterThread: Thread is done: Thread Group 1-44
2024-01-25 14:53:36,185 INFO o.a.j.t.JMeterThread: Thread finished: Thread Group 1-44
2024-01-25 14:53:36,273 INFO o.a.j.t.JMeterThread: Thread is done: Thread Group 1-50
2024-01-25 14:53:36,273 INFO o.a.j.t.JMeterThread: Thread finished: Thread Group 1-50
2024-01-25 14:53:36,282 INFO o.a.j.t.JMeterThread: Thread is done: Thread Group 1-47
2024-01-25 14:53:36,282 INFO o.a.j.t.JMeterThread: Thread finished: Thread Group 1-47
2024-01-25 14:53:36,290 INFO o.a.j.t.JMeterThread: Thread is done: Thread Group 1-48
2024-01-25 14:53:36,290 INFO o.a.j.t.JMeterThread: Thread finished: Thread Group 1-48
2024-01-25 14:53:36,299 INFO o.a.j.t.JMeterThread: Thread is done: Thread Group 1-49
2024-01-25 14:53:36,299 INFO o.a.j.t.JMeterThread: Thread finished: Thread Group 1-49
2024-01-25 14:53:36,312 INFO o.a.j.t.JMeterThread: Thread is done: Thread Group 1-51
2024-01-25 14:53:36,312 INFO o.a.j.t.JMeterThread: Thread finished: Thread Group 1-51
2024-01-25 14:53:36,317 INFO o.a.j.t.JMeterThread: Thread is done: Thread Group 1-14
2024-01-25 14:53:36,317 INFO o.a.j.t.JMeterThread: Thread finished: Thread Group 1-14
2024-01-25 14:53:36,325 INFO o.a.j.t.JMeterThread: Thread is done: Thread Group 1-45
2024-01-25 14:53:36,325 INFO o.a.j.t.JMeterThread: Thread finished: Thread Group 1-45
2024-01-25 14:53:36,346 INFO o.a.j.t.JMeterThread: Thread is done: Thread Group 1-53
2024-01-25 14:53:36,346 INFO o.a.j.t.JMeterThread: Thread is done: Thread Group 1-56
2024-01-25 14:53:36,346 INFO o.a.j.t.JMeterThread: Thread finished: Thread Group 1-56
2024-01-25 14:53:36,346 INFO o.a.j.t.JMeterThread: Thread finished: Thread Group 1-53
2024-01-25 14:53:36,349 INFO o.a.j.t.JMeterThread: Thread is done: Thread Group 1-30
2024-01-25 14:53:36,349 INFO o.a.j.t.JMeterThread: Thread finished: Thread Group 1-30
2024-01-25 14:53:36,351 INFO o.a.j.t.JMeterThread: Thread is done: Thread Group 1-46
2024-01-25 14:53:36,351 INFO o.a.j.t.JMeterThread: Thread finished: Thread Group 1-46
2024-01-25 14:53:36,353 INFO o.a.j.t.JMeterThread: Thread is done: Thread Group 1-43
2024-01-25 14:53:36,353 INFO o.a.j.t.JMeterThread: Thread finished: Thread Group 1-43
2024-01-25 14:53:36,359 INFO o.a.j.t.JMeterThread: Thread is done: Thread Group 1-57
2024-01-25 14:53:36,359 INFO o.a.j.t.JMeterThread: Thread finished: Thread Group 1-57
2024-01-25 14:53:36,372 INFO o.a.j.t.JMeterThread: Thread is done: Thread Group 1-55
2024-01-25 14:53:36,372 INFO o.a.j.t.JMeterThread: Thread finished: Thread Group 1-55
2024-01-25 14:53:36,374 INFO o.a.j.t.JMeterThread: Thread is done: Thread Group 1-54
2024-01-25 14:53:36,374 INFO o.a.j.t.JMeterThread: Thread finished: Thread Group 1-54
2024-01-25 14:53:36,387 INFO o.a.j.t.JMeterThread: Thread is done: Thread Group 1-58
2024-01-25 14:53:36,388 INFO o.a.j.t.JMeterThread: Thread finished: Thread Group 1-58
2024-01-25 14:53:36,445 INFO o.a.j.t.JMeterThread: Thread is done: Thread Group 1-60
2024-01-25 14:53:36,445 INFO o.a.j.t.JMeterThread: Thread finished: Thread Group 1-60
2024-01-25 14:53:36,449 INFO o.a.j.t.JMeterThread: Thread is done: Thread Group 1-52
2024-01-25 14:53:36,449 INFO o.a.j.t.JMeterThread: Thread finished: Thread Group 1-52
2024-01-25 14:53:36,480 INFO o.a.j.t.JMeterThread: Thread is done: Thread Group 1-65
2024-01-25 14:53:36,480 INFO o.a.j.t.JMeterThread: Thread finished: Thread Group 1-65
2024-01-25 14:53:36,486 INFO o.a.j.t.JMeterThread: Thread is done: Thread Group 1-64
2024-01-25 14:53:36,486 INFO o.a.j.t.JMeterThread: Thread finished: Thread Group 1-64
2024-01-25 14:53:36,487 INFO o.a.j.t.JMeterThread: Thread is done: Thread Group 1-59
2024-01-25 14:53:36,487 INFO o.a.j.t.JMeterThread: Thread finished: Thread Group 1-59
2024-01-25 14:53:36,503 INFO o.a.j.t.JMeterThread: Thread is done: Thread Group 1-63
2024-01-25 14:53:36,503 INFO o.a.j.t.JMeterThread: Thread finished: Thread Group 1-63
2024-01-25 14:53:36,514 INFO o.a.j.t.JMeterThread: Thread is done: Thread Group 1-67
2024-01-25 14:53:36,514 INFO o.a.j.t.JMeterThread: Thread finished: Thread Group 1-67
2024-01-25 14:53:36,527 INFO o.a.j.t.JMeterThread: Thread is done: Thread Group 1-71
2024-01-25 14:53:36,527 INFO o.a.j.t.JMeterThread: Thread finished: Thread Group 1-71
2024-01-25 14:53:36,532 INFO o.a.j.t.JMeterThread: Thread is done: Thread Group 1-68
2024-01-25 14:53:36,532 INFO o.a.j.t.JMeterThread: Thread finished: Thread Group 1-68
2024-01-25 14:53:36,532 INFO o.a.j.t.JMeterThread: Thread is done: Thread Group 1-70
2024-01-25 14:53:36,532 INFO o.a.j.t.JMeterThread: Thread finished: Thread Group 1-70
2024-01-25 14:53:36,535 INFO o.a.j.t.JMeterThread: Thread is done: Thread Group 1-66
2024-01-25 14:53:36,535 INFO o.a.j.t.JMeterThread: Thread finished: Thread Group 1-66
2024-01-25 14:53:36,553 INFO o.a.j.t.JMeterThread: Thread is done: Thread Group 1-62
2024-01-25 14:53:36,553 INFO o.a.j.t.JMeterThread: Thread finished: Thread Group 1-62
2024-01-25 14:53:36,588 INFO o.a.j.t.JMeterThread: Thread is done: Thread Group 1-75
2024-01-25 14:53:36,589 INFO o.a.j.t.JMeterThread: Thread finished: Thread Group 1-75
2024-01-25 14:53:36,589 INFO o.a.j.t.JMeterThread: Thread is done: Thread Group 1-72
2024-01-25 14:53:36,589 INFO o.a.j.t.JMeterThread: Thread finished: Thread Group 1-72
2024-01-25 14:53:36,589 INFO o.a.j.t.JMeterThread: Thread is done: Thread Group 1-69
2024-01-25 14:53:36,589 INFO o.a.j.t.JMeterThread: Thread finished: Thread Group 1-69
2024-01-25 14:53:36,597 INFO o.a.j.t.JMeterThread: Thread is done: Thread Group 1-74
2024-01-25 14:53:36,597 INFO o.a.j.t.JMeterThread: Thread finished: Thread Group 1-74
2024-01-25 14:53:36,601 INFO o.a.j.t.JMeterThread: Thread is done: Thread Group 1-61
2024-01-25 14:53:36,601 INFO o.a.j.t.JMeterThread: Thread finished: Thread Group 1-61
2024-01-25 14:53:36,628 INFO o.a.j.t.JMeterThread: Thread is done: Thread Group 1-77
2024-01-25 14:53:36,628 INFO o.a.j.t.JMeterThread: Thread finished: Thread Group 1-77
2024-01-25 14:53:36,628 INFO o.a.j.t.JMeterThread: Thread is done: Thread Group 1-81
2024-01-25 14:53:36,628 INFO o.a.j.t.JMeterThread: Thread finished: Thread Group 1-81
2024-01-25 14:53:36,630 INFO o.a.j.t.JMeterThread: Thread is done: Thread Group 1-80
2024-01-25 14:53:36,630 INFO o.a.j.t.JMeterThread: Thread finished: Thread Group 1-80
2024-01-25 14:53:36,633 INFO o.a.j.t.JMeterThread: Thread is done: Thread Group 1-73
2024-01-25 14:53:36,633 INFO o.a.j.t.JMeterThread: Thread finished: Thread Group 1-73
2024-01-25 14:53:36,637 INFO o.a.j.t.JMeterThread: Thread is done: Thread Group 1-82
2024-01-25 14:53:36,637 INFO o.a.j.t.JMeterThread: Thread finished: Thread Group 1-82
2024-01-25 14:53:36,643 INFO o.a.j.t.JMeterThread: Thread is done: Thread Group 1-76
2024-01-25 14:53:36,644 INFO o.a.j.t.JMeterThread: Thread finished: Thread Group 1-76
2024-01-25 14:53:36,653 INFO o.a.j.t.JMeterThread: Thread is done: Thread Group 1-85
2024-01-25 14:53:36,653 INFO o.a.j.t.JMeterThread: Thread finished: Thread Group 1-85
2024-01-25 14:53:36,655 INFO o.a.j.t.JMeterThread: Thread is done: Thread Group 1-79
2024-01-25 14:53:36,655 INFO o.a.j.t.JMeterThread: Thread finished: Thread Group 1-79
2024-01-25 14:53:36,661 INFO o.a.j.t.JMeterThread: Thread is done: Thread Group 1-83
2024-01-25 14:53:36,661 INFO o.a.j.t.JMeterThread: Thread finished: Thread Group 1-83
2024-01-25 14:53:36,676 INFO o.a.j.t.JMeterThread: Thread is done: Thread Group 1-78
2024-01-25 14:53:36,676 INFO o.a.j.t.JMeterThread: Thread finished: Thread Group 1-78
2024-01-25 14:53:36,706 INFO o.a.j.t.JMeterThread: Thread is done: Thread Group 1-84
2024-01-25 14:53:36,706 INFO o.a.j.t.JMeterThread: Thread finished: Thread Group 1-84
2024-01-25 14:53:36,707 INFO o.a.j.t.JMeterThread: Thread is done: Thread Group 1-86
2024-01-25 14:53:36,707 INFO o.a.j.t.JMeterThread: Thread finished: Thread Group 1-86
2024-01-25 14:53:36,708 INFO o.a.j.t.JMeterThread: Thread is done: Thread Group 1-90
2024-01-25 14:53:36,708 INFO o.a.j.t.JMeterThread: Thread finished: Thread Group 1-90
2024-01-25 14:53:36,714 INFO o.a.j.t.JMeterThread: Thread is done: Thread Group 1-88
2024-01-25 14:53:36,715 INFO o.a.j.t.JMeterThread: Thread finished: Thread Group 1-88
2024-01-25 14:53:36,720 INFO o.a.j.t.JMeterThread: Thread is done: Thread Group 1-94
2024-01-25 14:53:36,720 INFO o.a.j.t.JMeterThread: Thread finished: Thread Group 1-94
2024-01-25 14:53:36,723 INFO o.a.j.t.JMeterThread: Thread is done: Thread Group 1-92
2024-01-25 14:53:36,723 INFO o.a.j.t.JMeterThread: Thread finished: Thread Group 1-92
2024-01-25 14:53:36,724 INFO o.a.j.t.JMeterThread: Thread is done: Thread Group 1-87
2024-01-25 14:53:36,724 INFO o.a.j.t.JMeterThread: Thread finished: Thread Group 1-87
2024-01-25 14:53:36,733 INFO o.a.j.t.JMeterThread: Thread is done: Thread Group 1-96
2024-01-25 14:53:36,733 INFO o.a.j.t.JMeterThread: Thread finished: Thread Group 1-96
2024-01-25 14:53:36,746 INFO o.a.j.t.JMeterThread: Thread is done: Thread Group 1-99
2024-01-25 14:53:36,746 INFO o.a.j.t.JMeterThread: Thread finished: Thread Group 1-99
2024-01-25 14:53:36,749 INFO o.a.j.t.JMeterThread: Thread is done: Thread Group 1-91
2024-01-25 14:53:36,749 INFO o.a.j.t.JMeterThread: Thread finished: Thread Group 1-91
2024-01-25 14:53:36,752 INFO o.a.j.t.JMeterThread: Thread is done: Thread Group 1-89
2024-01-25 14:53:36,752 INFO o.a.j.t.JMeterThread: Thread finished: Thread Group 1-89
2024-01-25 14:53:36,760 INFO o.a.j.t.JMeterThread: Thread is done: Thread Group 1-105
2024-01-25 14:53:36,760 INFO o.a.j.t.JMeterThread: Thread finished: Thread Group 1-105
2024-01-25 14:53:36,764 INFO o.a.j.t.JMeterThread: Thread is done: Thread Group 1-95
2024-01-25 14:53:36,764 INFO o.a.j.t.JMeterThread: Thread finished: Thread Group 1-95
2024-01-25 14:53:36,768 INFO o.a.j.t.JMeterThread: Thread is done: Thread Group 1-93
2024-01-25 14:53:36,768 INFO o.a.j.t.JMeterThread: Thread finished: Thread Group 1-93
2024-01-25 14:53:36,777 INFO o.a.j.t.JMeterThread: Thread is done: Thread Group 1-100
2024-01-25 14:53:36,777 INFO o.a.j.t.JMeterThread: Thread finished: Thread Group 1-100
2024-01-25 14:53:36,779 INFO o.a.j.t.JMeterThread: Thread is done: Thread Group 1-101
2024-01-25 14:53:36,779 INFO o.a.j.t.JMeterThread: Thread finished: Thread Group 1-101
2024-01-25 14:53:36,784 INFO o.a.j.t.JMeterThread: Thread is done: Thread Group 1-97
2024-01-25 14:53:36,784 INFO o.a.j.t.JMeterThread: Thread finished: Thread Group 1-97
2024-01-25 14:53:36,807 INFO o.a.j.t.JMeterThread: Thread is done: Thread Group 1-108
2024-01-25 14:53:36,807 INFO o.a.j.t.JMeterThread: Thread finished: Thread Group 1-108
2024-01-25 14:53:36,812 INFO o.a.j.t.JMeterThread: Thread is done: Thread Group 1-107
2024-01-25 14:53:36,812 INFO o.a.j.t.JMeterThread: Thread finished: Thread Group 1-107
2024-01-25 14:53:36,820 INFO o.a.j.t.JMeterThread: Thread is done: Thread Group 1-106
2024-01-25 14:53:36,820 INFO o.a.j.t.JMeterThread: Thread finished: Thread Group 1-106
2024-01-25 14:53:36,825 INFO o.a.j.t.JMeterThread: Thread is done: Thread Group 1-109
2024-01-25 14:53:36,825 INFO o.a.j.t.JMeterThread: Thread finished: Thread Group 1-109
2024-01-25 14:53:36,827 INFO o.a.j.t.JMeterThread: Thread is done: Thread Group 1-110
2024-01-25 14:53:36,827 INFO o.a.j.t.JMeterThread: Thread finished: Thread Group 1-110
2024-01-25 14:53:36,833 INFO o.a.j.t.JMeterThread: Thread is done: Thread Group 1-98
2024-01-25 14:53:36,833 INFO o.a.j.t.JMeterThread: Thread finished: Thread Group 1-98
2024-01-25 14:53:36,835 INFO o.a.j.t.JMeterThread: Thread is done: Thread Group 1-114
2024-01-25 14:53:36,835 INFO o.a.j.t.JMeterThread: Thread finished: Thread Group 1-114
2024-01-25 14:53:36,838 INFO o.a.j.t.JMeterThread: Thread is done: Thread Group 1-102
2024-01-25 14:53:36,838 INFO o.a.j.t.JMeterThread: Thread finished: Thread Group 1-102
2024-01-25 14:53:36,838 INFO o.a.j.t.JMeterThread: Thread is done: Thread Group 1-113
2024-01-25 14:53:36,838 INFO o.a.j.t.JMeterThread: Thread finished: Thread Group 1-113
2024-01-25 14:53:36,842 INFO o.a.j.t.JMeterThread: Thread is done: Thread Group 1-112
2024-01-25 14:53:36,842 INFO o.a.j.t.JMeterThread: Thread finished: Thread Group 1-112
2024-01-25 14:53:36,842 INFO o.a.j.t.JMeterThread: Thread is done: Thread Group 1-104
2024-01-25 14:53:36,842 INFO o.a.j.t.JMeterThread: Thread finished: Thread Group 1-104
2024-01-25 14:53:36,860 INFO o.a.j.t.JMeterThread: Thread is done: Thread Group 1-103
2024-01-25 14:53:36,860 INFO o.a.j.t.JMeterThread: Thread finished: Thread Group 1-103
2024-01-25 14:53:36,866 INFO o.a.j.t.JMeterThread: Thread is done: Thread Group 1-111
2024-01-25 14:53:36,866 INFO o.a.j.t.JMeterThread: Thread finished: Thread Group 1-111
2024-01-25 14:53:36,874 INFO o.a.j.t.JMeterThread: Thread is done: Thread Group 1-120
2024-01-25 14:53:36,874 INFO o.a.j.t.JMeterThread: Thread finished: Thread Group 1-120
2024-01-25 14:53:36,875 INFO o.a.j.t.JMeterThread: Thread is done: Thread Group 1-124
2024-01-25 14:53:36,875 INFO o.a.j.t.JMeterThread: Thread finished: Thread Group 1-124
2024-01-25 14:53:36,879 INFO o.a.j.t.JMeterThread: Thread is done: Thread Group 1-130
2024-01-25 14:53:36,879 INFO o.a.j.t.JMeterThread: Thread finished: Thread Group 1-130
2024-01-25 14:53:36,882 INFO o.a.j.t.JMeterThread: Thread is done: Thread Group 1-125
2024-01-25 14:53:36,882 INFO o.a.j.t.JMeterThread: Thread finished: Thread Group 1-125
2024-01-25 14:53:36,883 INFO o.a.j.t.JMeterThread: Thread is done: Thread Group 1-123
2024-01-25 14:53:36,883 INFO o.a.j.t.JMeterThread: Thread finished: Thread Group 1-123
2024-01-25 14:53:36,886 INFO o.a.j.t.JMeterThread: Thread is done: Thread Group 1-127
2024-01-25 14:53:36,886 INFO o.a.j.t.JMeterThread: Thread finished: Thread Group 1-127
2024-01-25 14:53:36,891 INFO o.a.j.t.JMeterThread: Thread is done: Thread Group 1-115
2024-01-25 14:53:36,891 INFO o.a.j.t.JMeterThread: Thread finished: Thread Group 1-115
2024-01-25 14:53:36,892 INFO o.a.j.t.JMeterThread: Thread is done: Thread Group 1-121
2024-01-25 14:53:36,892 INFO o.a.j.t.JMeterThread: Thread finished: Thread Group 1-121
2024-01-25 14:53:36,895 INFO o.a.j.t.JMeterThread: Thread is done: Thread Group 1-129
2024-01-25 14:53:36,895 INFO o.a.j.t.JMeterThread: Thread finished: Thread Group 1-129
2024-01-25 14:53:36,900 INFO o.a.j.t.JMeterThread: Thread is done: Thread Group 1-128
2024-01-25 14:53:36,900 INFO o.a.j.t.JMeterThread: Thread finished: Thread Group 1-128
2024-01-25 14:53:36,904 INFO o.a.j.t.JMeterThread: Thread is done: Thread Group 1-138
2024-01-25 14:53:36,904 INFO o.a.j.t.JMeterThread: Thread finished: Thread Group 1-138
2024-01-25 14:53:36,907 INFO o.a.j.t.JMeterThread: Thread is done: Thread Group 1-132
2024-01-25 14:53:36,907 INFO o.a.j.t.JMeterThread: Thread finished: Thread Group 1-132
2024-01-25 14:53:36,918 INFO o.a.j.t.JMeterThread: Thread is done: Thread Group 1-119
2024-01-25 14:53:36,918 INFO o.a.j.t.JMeterThread: Thread finished: Thread Group 1-119
2024-01-25 14:53:36,920 INFO o.a.j.t.JMeterThread: Thread is done: Thread Group 1-141
2024-01-25 14:53:36,920 INFO o.a.j.t.JMeterThread: Thread finished: Thread Group 1-141
2024-01-25 14:53:36,922 INFO o.a.j.t.JMeterThread: Thread is done: Thread Group 1-134
2024-01-25 14:53:36,922 INFO o.a.j.t.JMeterThread: Thread finished: Thread Group 1-134
2024-01-25 14:53:36,922 INFO o.a.j.t.JMeterThread: Thread is done: Thread Group 1-122
2024-01-25 14:53:36,922 INFO o.a.j.t.JMeterThread: Thread finished: Thread Group 1-122
2024-01-25 14:53:36,929 INFO o.a.j.t.JMeterThread: Thread is done: Thread Group 1-136
2024-01-25 14:53:36,929 INFO o.a.j.t.JMeterThread: Thread finished: Thread Group 1-136
2024-01-25 14:53:36,929 INFO o.a.j.t.JMeterThread: Thread is done: Thread Group 1-135
2024-01-25 14:53:36,929 INFO o.a.j.t.JMeterThread: Thread finished: Thread Group 1-135
2024-01-25 14:53:36,937 INFO o.a.j.t.JMeterThread: Thread is done: Thread Group 1-116
2024-01-25 14:53:36,937 INFO o.a.j.t.JMeterThread: Thread finished: Thread Group 1-116
2024-01-25 14:53:36,937 INFO o.a.j.t.JMeterThread: Thread is done: Thread Group 1-142
2024-01-25 14:53:36,937 INFO o.a.j.t.JMeterThread: Thread finished: Thread Group 1-142
2024-01-25 14:53:36,941 INFO o.a.j.t.JMeterThread: Thread is done: Thread Group 1-140
2024-01-25 14:53:36,942 INFO o.a.j.t.JMeterThread: Thread finished: Thread Group 1-140
2024-01-25 14:53:36,944 INFO o.a.j.t.JMeterThread: Thread is done: Thread Group 1-117
2024-01-25 14:53:36,944 INFO o.a.j.t.JMeterThread: Thread finished: Thread Group 1-117
2024-01-25 14:53:36,947 INFO o.a.j.t.JMeterThread: Thread is done: Thread Group 1-146
2024-01-25 14:53:36,947 INFO o.a.j.t.JMeterThread: Thread finished: Thread Group 1-146
2024-01-25 14:53:36,948 INFO o.a.j.t.JMeterThread: Thread is done: Thread Group 1-118
2024-01-25 14:53:36,948 INFO o.a.j.t.JMeterThread: Thread finished: Thread Group 1-118
2024-01-25 14:53:36,951 INFO o.a.j.t.JMeterThread: Thread is done: Thread Group 1-144
2024-01-25 14:53:36,951 INFO o.a.j.t.JMeterThread: Thread finished: Thread Group 1-144
2024-01-25 14:53:36,952 INFO o.a.j.t.JMeterThread: Thread is done: Thread Group 1-154
2024-01-25 14:53:36,952 INFO o.a.j.t.JMeterThread: Thread is done: Thread Group 1-143
2024-01-25 14:53:36,952 INFO o.a.j.t.JMeterThread: Thread finished: Thread Group 1-154
2024-01-25 14:53:36,952 INFO o.a.j.t.JMeterThread: Thread finished: Thread Group 1-143
2024-01-25 14:53:36,956 INFO o.a.j.t.JMeterThread: Thread is done: Thread Group 1-149
2024-01-25 14:53:36,956 INFO o.a.j.t.JMeterThread: Thread finished: Thread Group 1-149
2024-01-25 14:53:36,960 INFO o.a.j.t.JMeterThread: Thread is done: Thread Group 1-155
2024-01-25 14:53:36,960 INFO o.a.j.t.JMeterThread: Thread finished: Thread Group 1-155
2024-01-25 14:53:36,964 INFO o.a.j.t.JMeterThread: Thread is done: Thread Group 1-131
2024-01-25 14:53:36,964 INFO o.a.j.t.JMeterThread: Thread finished: Thread Group 1-131
2024-01-25 14:53:36,967 INFO o.a.j.t.JMeterThread: Thread is done: Thread Group 1-133
2024-01-25 14:53:36,967 INFO o.a.j.t.JMeterThread: Thread finished: Thread Group 1-133
2024-01-25 14:53:36,969 INFO o.a.j.t.JMeterThread: Thread is done: Thread Group 1-147
2024-01-25 14:53:36,969 INFO o.a.j.t.JMeterThread: Thread finished: Thread Group 1-147
2024-01-25 14:53:36,971 INFO o.a.j.t.JMeterThread: Thread is done: Thread Group 1-126
2024-01-25 14:53:36,971 INFO o.a.j.t.JMeterThread: Thread finished: Thread Group 1-126
2024-01-25 14:53:36,976 INFO o.a.j.t.JMeterThread: Thread is done: Thread Group 1-158
2024-01-25 14:53:36,976 INFO o.a.j.t.JMeterThread: Thread finished: Thread Group 1-158
2024-01-25 14:53:36,978 INFO o.a.j.t.JMeterThread: Thread is done: Thread Group 1-152
2024-01-25 14:53:36,978 INFO o.a.j.t.JMeterThread: Thread finished: Thread Group 1-152
2024-01-25 14:53:36,979 INFO o.a.j.t.JMeterThread: Thread is done: Thread Group 1-137
2024-01-25 14:53:36,979 INFO o.a.j.t.JMeterThread: Thread finished: Thread Group 1-137
2024-01-25 14:53:36,980 INFO o.a.j.t.JMeterThread: Thread is done: Thread Group 1-153
2024-01-25 14:53:36,980 INFO o.a.j.t.JMeterThread: Thread finished: Thread Group 1-153
2024-01-25 14:53:36,980 INFO o.a.j.t.JMeterThread: Thread is done: Thread Group 1-170
2024-01-25 14:53:36,980 INFO o.a.j.t.JMeterThread: Thread finished: Thread Group 1-170
2024-01-25 14:53:36,982 INFO o.a.j.t.JMeterThread: Thread is done: Thread Group 1-150
2024-01-25 14:53:36,982 INFO o.a.j.t.JMeterThread: Thread finished: Thread Group 1-150
2024-01-25 14:53:36,984 INFO o.a.j.t.JMeterThread: Thread is done: Thread Group 1-157
2024-01-25 14:53:36,984 INFO o.a.j.t.JMeterThread: Thread finished: Thread Group 1-157
2024-01-25 14:53:36,985 INFO o.a.j.t.JMeterThread: Thread is done: Thread Group 1-171
2024-01-25 14:53:36,985 INFO o.a.j.t.JMeterThread: Thread finished: Thread Group 1-171
2024-01-25 14:53:36,988 INFO o.a.j.t.JMeterThread: Thread is done: Thread Group 1-166
2024-01-25 14:53:36,988 INFO o.a.j.t.JMeterThread: Thread finished: Thread Group 1-166
2024-01-25 14:53:36,989 INFO o.a.j.t.JMeterThread: Thread is done: Thread Group 1-156
2024-01-25 14:53:36,989 INFO o.a.j.t.JMeterThread: Thread finished: Thread Group 1-156
2024-01-25 14:53:36,993 INFO o.a.j.t.JMeterThread: Thread is done: Thread Group 1-161
2024-01-25 14:53:36,993 INFO o.a.j.t.JMeterThread: Thread finished: Thread Group 1-161
2024-01-25 14:53:36,997 INFO o.a.j.t.JMeterThread: Thread is done: Thread Group 1-176
2024-01-25 14:53:36,997 INFO o.a.j.t.JMeterThread: Thread finished: Thread Group 1-176
2024-01-25 14:53:36,997 INFO o.a.j.t.JMeterThread: Thread is done: Thread Group 1-174
2024-01-25 14:53:36,997 INFO o.a.j.t.JMeterThread: Thread finished: Thread Group 1-174
2024-01-25 14:53:36,999 INFO o.a.j.t.JMeterThread: Thread is done: Thread Group 1-159
2024-01-25 14:53:36,999 INFO o.a.j.t.JMeterThread: Thread finished: Thread Group 1-159
2024-01-25 14:53:37,000 INFO o.a.j.t.JMeterThread: Thread is done: Thread Group 1-139
2024-01-25 14:53:37,000 INFO o.a.j.t.JMeterThread: Thread finished: Thread Group 1-139
2024-01-25 14:53:37,001 INFO o.a.j.t.JMeterThread: Thread is done: Thread Group 1-177
2024-01-25 14:53:37,001 INFO o.a.j.t.JMeterThread: Thread is done: Thread Group 1-167
2024-01-25 14:53:37,001 INFO o.a.j.t.JMeterThread: Thread finished: Thread Group 1-167
2024-01-25 14:53:37,001 INFO o.a.j.t.JMeterThread: Thread finished: Thread Group 1-177
2024-01-25 14:53:37,003 INFO o.a.j.t.JMeterThread: Thread is done: Thread Group 1-160
2024-01-25 14:53:37,003 INFO o.a.j.t.JMeterThread: Thread finished: Thread Group 1-160
2024-01-25 14:53:37,007 INFO o.a.j.t.JMeterThread: Thread is done: Thread Group 1-163
2024-01-25 14:53:37,007 INFO o.a.j.t.JMeterThread: Thread finished: Thread Group 1-163
2024-01-25 14:53:37,008 INFO o.a.j.t.JMeterThread: Thread is done: Thread Group 1-169
2024-01-25 14:53:37,008 INFO o.a.j.t.JMeterThread: Thread finished: Thread Group 1-169
2024-01-25 14:53:37,009 INFO o.a.j.t.JMeterThread: Thread is done: Thread Group 1-179
2024-01-25 14:53:37,009 INFO o.a.j.t.JMeterThread: Thread finished: Thread Group 1-179
2024-01-25 14:53:37,009 INFO o.a.j.t.JMeterThread: Thread is done: Thread Group 1-178
2024-01-25 14:53:37,009 INFO o.a.j.t.JMeterThread: Thread finished: Thread Group 1-178
2024-01-25 14:53:37,011 INFO o.a.j.t.JMeterThread: Thread is done: Thread Group 1-168
2024-01-25 14:53:37,011 INFO o.a.j.t.JMeterThread: Thread finished: Thread Group 1-168
2024-01-25 14:53:37,012 INFO o.a.j.t.JMeterThread: Thread is done: Thread Group 1-191
2024-01-25 14:53:37,012 INFO o.a.j.t.JMeterThread: Thread finished: Thread Group 1-191
2024-01-25 14:53:37,014 INFO o.a.j.t.JMeterThread: Thread is done: Thread Group 1-172
2024-01-25 14:53:37,014 INFO o.a.j.t.JMeterThread: Thread finished: Thread Group 1-172
2024-01-25 14:53:37,015 INFO o.a.j.t.JMeterThread: Thread is done: Thread Group 1-162
2024-01-25 14:53:37,015 INFO o.a.j.t.JMeterThread: Thread finished: Thread Group 1-162
2024-01-25 14:53:37,016 INFO o.a.j.t.JMeterThread: Thread is done: Thread Group 1-180
2024-01-25 14:53:37,016 INFO o.a.j.t.JMeterThread: Thread finished: Thread Group 1-180
2024-01-25 14:53:37,017 INFO o.a.j.t.JMeterThread: Thread is done: Thread Group 1-164
2024-01-25 14:53:37,017 INFO o.a.j.t.JMeterThread: Thread finished: Thread Group 1-164
2024-01-25 14:53:37,018 INFO o.a.j.t.JMeterThread: Thread is done: Thread Group 1-184
2024-01-25 14:53:37,018 INFO o.a.j.t.JMeterThread: Thread finished: Thread Group 1-184
2024-01-25 14:53:37,019 INFO o.a.j.t.JMeterThread: Thread is done: Thread Group 1-173
2024-01-25 14:53:37,019 INFO o.a.j.t.JMeterThread: Thread finished: Thread Group 1-173
2024-01-25 14:53:37,020 INFO o.a.j.t.JMeterThread: Thread is done: Thread Group 1-188
2024-01-25 14:53:37,020 INFO o.a.j.t.JMeterThread: Thread finished: Thread Group 1-188
2024-01-25 14:53:37,022 INFO o.a.j.t.JMeterThread: Thread is done: Thread Group 1-192
2024-01-25 14:53:37,022 INFO o.a.j.t.JMeterThread: Thread is done: Thread Group 1-182
2024-01-25 14:53:37,022 INFO o.a.j.t.JMeterThread: Thread finished: Thread Group 1-192
2024-01-25 14:53:37,022 INFO o.a.j.t.JMeterThread: Thread finished: Thread Group 1-182
2024-01-25 14:53:37,022 INFO o.a.j.t.JMeterThread: Thread is done: Thread Group 1-151
2024-01-25 14:53:37,022 INFO o.a.j.t.JMeterThread: Thread finished: Thread Group 1-151
2024-01-25 14:53:37,024 INFO o.a.j.t.JMeterThread: Thread is done: Thread Group 1-165
2024-01-25 14:53:37,024 INFO o.a.j.t.JMeterThread: Thread finished: Thread Group 1-165
2024-01-25 14:53:37,024 INFO o.a.j.t.JMeterThread: Thread is done: Thread Group 1-190
2024-01-25 14:53:37,024 INFO o.a.j.t.JMeterThread: Thread finished: Thread Group 1-190
2024-01-25 14:53:37,025 INFO o.a.j.t.JMeterThread: Thread is done: Thread Group 1-175
2024-01-25 14:53:37,025 INFO o.a.j.t.JMeterThread: Thread finished: Thread Group 1-175
2024-01-25 14:53:37,027 INFO o.a.j.t.JMeterThread: Thread is done: Thread Group 1-198
2024-01-25 14:53:37,027 INFO o.a.j.t.JMeterThread: Thread finished: Thread Group 1-198
2024-01-25 14:53:37,028 INFO o.a.j.t.JMeterThread: Thread is done: Thread Group 1-186
2024-01-25 14:53:37,028 INFO o.a.j.t.JMeterThread: Thread finished: Thread Group 1-186
2024-01-25 14:53:37,029 INFO o.a.j.t.JMeterThread: Thread is done: Thread Group 1-199
2024-01-25 14:53:37,029 INFO o.a.j.t.JMeterThread: Thread finished: Thread Group 1-199
2024-01-25 14:53:37,031 INFO o.a.j.t.JMeterThread: Thread is done: Thread Group 1-148
2024-01-25 14:53:37,031 INFO o.a.j.t.JMeterThread: Thread finished: Thread Group 1-148
2024-01-25 14:53:37,031 INFO o.a.j.t.JMeterThread: Thread is done: Thread Group 1-193
2024-01-25 14:53:37,031 INFO o.a.j.t.JMeterThread: Thread finished: Thread Group 1-193
2024-01-25 14:53:37,032 INFO o.a.j.t.JMeterThread: Thread is done: Thread Group 1-195
2024-01-25 14:53:37,032 INFO o.a.j.t.JMeterThread: Thread finished: Thread Group 1-195
2024-01-25 14:53:37,034 INFO o.a.j.t.JMeterThread: Thread is done: Thread Group 1-189
2024-01-25 14:53:37,034 INFO o.a.j.t.JMeterThread: Thread is done: Thread Group 1-181
2024-01-25 14:53:37,034 INFO o.a.j.t.JMeterThread: Thread finished: Thread Group 1-189
2024-01-25 14:53:37,034 INFO o.a.j.t.JMeterThread: Thread finished: Thread Group 1-181
2024-01-25 14:53:37,034 INFO o.a.j.t.JMeterThread: Thread is done: Thread Group 1-185
2024-01-25 14:53:37,034 INFO o.a.j.t.JMeterThread: Thread finished: Thread Group 1-185
2024-01-25 14:53:37,036 INFO o.a.j.t.JMeterThread: Thread is done: Thread Group 1-187
2024-01-25 14:53:37,036 INFO o.a.j.t.JMeterThread: Thread finished: Thread Group 1-187
2024-01-25 14:53:37,037 INFO o.a.j.t.JMeterThread: Thread is done: Thread Group 1-145
2024-01-25 14:53:37,037 INFO o.a.j.t.JMeterThread: Thread finished: Thread Group 1-145
2024-01-25 14:53:37,037 INFO o.a.j.t.JMeterThread: Thread is done: Thread Group 1-197
2024-01-25 14:53:37,037 INFO o.a.j.t.JMeterThread: Thread finished: Thread Group 1-197
2024-01-25 14:53:37,040 INFO o.a.j.t.JMeterThread: Thread is done: Thread Group 1-200
2024-01-25 14:53:37,040 INFO o.a.j.t.JMeterThread: Thread finished: Thread Group 1-200
2024-01-25 14:53:37,049 INFO o.a.j.t.JMeterThread: Thread is done: Thread Group 1-194
2024-01-25 14:53:37,049 INFO o.a.j.t.JMeterThread: Thread finished: Thread Group 1-194
2024-01-25 14:53:37,049 INFO o.a.j.t.JMeterThread: Thread is done: Thread Group 1-183
2024-01-25 14:53:37,049 INFO o.a.j.t.JMeterThread: Thread finished: Thread Group 1-183
2024-01-25 14:53:37,095 INFO o.a.j.t.JMeterThread: Thread is done: Thread Group 1-196
2024-01-25 14:53:37,095 INFO o.a.j.t.JMeterThread: Thread finished: Thread Group 1-196
2024-01-25 14:53:37,095 INFO o.a.j.e.StandardJMeterEngine: Notifying test listeners of end of test
2024-01-25 14:53:37,095 INFO o.a.j.s.FileServer: Close: /Users/soranosuke/Documents/BCIT/CIT Sem 4/ACIT 3855 Service Based Architectures/Labs/Project/Receiver/dates.csv
2024-01-25 14:53:37,095 INFO o.a.j.s.FileServer: Close: /Users/soranosuke/Documents/BCIT/CIT Sem 4/ACIT 3855 Service Based Architectures/Labs/Project/Receiver/users.csv
2024-01-25 14:53:37,095 INFO o.a.j.s.FileServer: Close: /Users/soranosuke/Documents/BCIT/CIT Sem 4/ACIT 3855 Service Based Architectures/Labs/Project/Receiver/transactions.csv
2024-01-25 14:53:37,095 INFO o.a.j.g.u.JMeterMenuBar: setRunning(false, *local*)
